<?xml version="1.0" encoding="utf-8"?>
<test-run id="a681a7bb-e4ca-4c9c-978f-ad4db3f422cb" name="Runtime Tests" testcasecount="8" result="Passed" time="0" total="8" errors="0" passed="8" failed="0" inconclusive="0" skipped="0" asserts="0" run-date="2026-02-12" start-time="14:52:29" end-time="14:52:29">
  <test-suite type="Assembly" name="Uno.DevTools.Telemetry.WasmTests">
    <environment machine-name="localhost" platform="n/a" />
    <test-suite type="TestFixture" name="a681a7bb-e4ca-4c9c-978f-ad4db3f422cb" executed="true" testcasecount="8" result="Passed" time="0" total="8" errors="0" passed="8" failed="0" inconclusive="0" skipped="0" asserts="0">
      <test-case name="Telemetry_InitializesOnWasm_WithoutErrors()" fullname="Telemetry_InitializesOnWasm_WithoutErrors()" duration="0.025735" time="0" result="Passed" />
      <test-case name="Telemetry_TrackEvent_OnWasm_DoesNotThrow()" fullname="Telemetry_TrackEvent_OnWasm_DoesNotThrow()" duration="0.001985" time="0" result="Passed" />
      <test-case name="Telemetry_TrackException_OnWasm_DoesNotThrow()" fullname="Telemetry_TrackException_OnWasm_DoesNotThrow()" duration="0.000435" time="0" result="Passed" />
      <test-case name="Telemetry_FlushAsync_OnWasm_CompletesSuccessfully()" fullname="Telemetry_FlushAsync_OnWasm_CompletesSuccessfully()" duration="0.00396" time="0" result="Passed" />
      <test-case name="Telemetry_DisabledViaEnvironmentVariable_OnWasm()" fullname="Telemetry_DisabledViaEnvironmentVariable_OnWasm()" duration="0.000885" time="0" result="Passed" />
      <test-case name="Telemetry_MultipleEvents_OnWasm_DoesNotCauseThreadingIssues()" fullname="Telemetry_MultipleEvents_OnWasm_DoesNotCauseThreadingIssues()" duration="0.00084" time="0" result="Passed" />
      <test-case name="Telemetry_AllExceptionSeverities_OnWasm()" fullname="Telemetry_AllExceptionSeverities_OnWasm()" duration="0.000345" time="0" result="Passed" />
      <test-case name="Telemetry_ThreadBlockingTrackEvent_OnWasm()" fullname="Telemetry_ThreadBlockingTrackEvent_OnWasm()" duration="0.00029" time="0" result="Passed" />
    </test-suite>
  </test-suite>
</test-run>